<?xml version="1.0" encoding="UTF-8"?>
<!-- Generated by org.testng.reporters.JUnitReportReporter -->
<testsuite hostname="LAPTOP-SO7U3JNL" failures="0" tests="3" name="com.crm.comcast.conatctTest.CreateContactTest" time="70.761" errors="0" timestamp="2021-12-07T10:01:12 IST" skipped="0">
  <testcase classname="com.crm.comcast.conatctTest.CreateContactTest" name="createConatctWithOrgTest" time="32.560"/>
  <system-out/>
  <testcase classname="com.crm.comcast.conatctTest.CreateContactTest" name="createContactTest" time="19.452"/>
  <system-out/>
  <testcase classname="com.crm.comcast.conatctTest.CreateContactTest" name="createContact_Support_DateTest" time="18.749"/>
  <system-out/>
</testsuite> <!-- com.crm.comcast.conatctTest.CreateContactTest -->
