<?xml version="1.0" encoding="UTF-8"?>
<!-- Generated by org.testng.reporters.JUnitReportReporter -->
<testsuite hostname="LAPTOP-SO7U3JNL" failures="0" tests="2" name="com.crm.comcast.organaizationtest.CreateOrganizationTest" time="39.096" errors="0" timestamp="2021-12-07T10:01:12 IST" skipped="0">
  <testcase classname="com.crm.comcast.organaizationtest.CreateOrganizationTest" name="createOrganizationTest" time="18.886"/>
  <system-out/>
  <testcase classname="com.crm.comcast.organaizationtest.CreateOrganizationTest" name="createOrganization_With_Industries_And_Type_Test" time="20.210"/>
  <system-out/>
</testsuite> <!-- com.crm.comcast.organaizationtest.CreateOrganizationTest -->
