<?xml version="1.0" encoding="UTF-8"?>
<!-- Generated by org.testng.reporters.JUnitReportReporter -->
<testsuite hostname="LAPTOP-SO7U3JNL" failures="0" tests="1" name="com.crm.comcast.conatctTest.Data" time="0.016" errors="0" timestamp="2021-12-12T09:47:55 IST" skipped="0">
  <testcase classname="com.crm.comcast.conatctTest.Data" name="getDate" time="0.016"/>
  <system-out/>
</testsuite> <!-- com.crm.comcast.conatctTest.Data -->
